d:\luis\quark academy\desafio final\quark-practica-final\x64\debug\cotizadorexpress.presenter.pdb
d:\luis\quark academy\desafio final\quark-practica-final\x64\debug\cotizadorexpress.presenter.idb
d:\luis\quark academy\desafio final\quark-practica-final\cotizadorexpress.presenter\x64\debug\presentador.obj
d:\luis\quark academy\desafio final\quark-practica-final\x64\debug\cotizadorexpress.presenter.lib
d:\luis\quark academy\desafio final\quark-practica-final\cotizadorexpress.presenter\x64\debug\vc143.idb
d:\luis\quark academy\desafio final\quark-practica-final\cotizadorexpress.presenter\x64\debug\vc143.pdb
d:\luis\quark academy\desafio final\quark-practica-final\cotizadorexpress.presenter\x64\debug\cotizado.e6c9067b.tlog\cl.command.1.tlog
d:\luis\quark academy\desafio final\quark-practica-final\cotizadorexpress.presenter\x64\debug\cotizado.e6c9067b.tlog\cl.read.1.tlog
d:\luis\quark academy\desafio final\quark-practica-final\cotizadorexpress.presenter\x64\debug\cotizado.e6c9067b.tlog\cl.write.1.tlog
d:\luis\quark academy\desafio final\quark-practica-final\cotizadorexpress.presenter\x64\debug\cotizado.e6c9067b.tlog\lib-link.read.1.tlog
d:\luis\quark academy\desafio final\quark-practica-final\cotizadorexpress.presenter\x64\debug\cotizado.e6c9067b.tlog\lib-link.write.1.tlog
d:\luis\quark academy\desafio final\quark-practica-final\cotizadorexpress.presenter\x64\debug\cotizado.e6c9067b.tlog\lib.command.1.tlog
d:\luis\quark academy\desafio final\quark-practica-final\cotizadorexpress.presenter\x64\debug\cotizado.e6c9067b.tlog\link-cvtres.read.1.tlog
d:\luis\quark academy\desafio final\quark-practica-final\cotizadorexpress.presenter\x64\debug\cotizado.e6c9067b.tlog\link-cvtres.write.1.tlog
d:\luis\quark academy\desafio final\quark-practica-final\cotizadorexpress.presenter\x64\debug\cotizado.e6c9067b.tlog\link-rc.read.1.tlog
d:\luis\quark academy\desafio final\quark-practica-final\cotizadorexpress.presenter\x64\debug\cotizado.e6c9067b.tlog\link-rc.write.1.tlog
d:\luis\quark academy\desafio final\quark-practica-final\cotizadorexpress.presenter\x64\debug\cotizado.e6c9067b.tlog\link.command.1.tlog
d:\luis\quark academy\desafio final\quark-practica-final\cotizadorexpress.presenter\x64\debug\cotizado.e6c9067b.tlog\link.read.1.tlog
d:\luis\quark academy\desafio final\quark-practica-final\cotizadorexpress.presenter\x64\debug\cotizado.e6c9067b.tlog\link.read.2.tlog
d:\luis\quark academy\desafio final\quark-practica-final\cotizadorexpress.presenter\x64\debug\cotizado.e6c9067b.tlog\link.write.1.tlog
