d:\luis\quark academy\desafio final\quark-practica-final\x64\debug\cotizadorexpress.model.pdb
d:\luis\quark academy\desafio final\quark-practica-final\x64\debug\cotizadorexpress.model.idb
d:\luis\quark academy\desafio final\quark-practica-final\cotizadorexpress.model\x64\debug\vendedor.obj
d:\luis\quark academy\desafio final\quark-practica-final\cotizadorexpress.model\x64\debug\cotizacion.obj
d:\luis\quark academy\desafio final\quark-practica-final\cotizadorexpress.model\x64\debug\camisa.obj
d:\luis\quark academy\desafio final\quark-practica-final\cotizadorexpress.model\x64\debug\prendacotizacionstrategy.obj
d:\luis\quark academy\desafio final\quark-practica-final\cotizadorexpress.model\x64\debug\pantaloncotizacionstrategy.obj
d:\luis\quark academy\desafio final\quark-practica-final\cotizadorexpress.model\x64\debug\camisacotizacionstrategy.obj
d:\luis\quark academy\desafio final\quark-practica-final\cotizadorexpress.model\x64\debug\cotizacionstrategyfactory.obj
d:\luis\quark academy\desafio final\quark-practica-final\cotizadorexpress.model\x64\debug\tienda.obj
d:\luis\quark academy\desafio final\quark-practica-final\cotizadorexpress.model\x64\debug\prenda.obj
d:\luis\quark academy\desafio final\quark-practica-final\cotizadorexpress.model\x64\debug\pantalon.obj
d:\luis\quark academy\desafio final\quark-practica-final\cotizadorexpress.model\x64\debug\prendafactory.obj
d:\luis\quark academy\desafio final\quark-practica-final\x64\debug\cotizadorexpress.model.lib
d:\luis\quark academy\desafio final\quark-practica-final\cotizadorexpress.model\x64\debug\vendedor1.obj
d:\luis\quark academy\desafio final\quark-practica-final\cotizadorexpress.model\x64\debug\cotizado.b024c1ae.tlog\cl.command.1.tlog
d:\luis\quark academy\desafio final\quark-practica-final\cotizadorexpress.model\x64\debug\cotizado.b024c1ae.tlog\cl.read.1.tlog
d:\luis\quark academy\desafio final\quark-practica-final\cotizadorexpress.model\x64\debug\cotizado.b024c1ae.tlog\cl.write.1.tlog
d:\luis\quark academy\desafio final\quark-practica-final\cotizadorexpress.model\x64\debug\cotizado.b024c1ae.tlog\lib-link.read.1.tlog
d:\luis\quark academy\desafio final\quark-practica-final\cotizadorexpress.model\x64\debug\cotizado.b024c1ae.tlog\lib-link.write.1.tlog
d:\luis\quark academy\desafio final\quark-practica-final\cotizadorexpress.model\x64\debug\cotizado.b024c1ae.tlog\lib.command.1.tlog
