d:\luis\quark academy\desafio final\quark-practica-final\cotizadorexpress.view\x64\debug\vc143.pdb
d:\luis\quark academy\desafio final\quark-practica-final\cotizadorexpress.view\x64\debug\vc143.idb
d:\luis\quark academy\desafio final\quark-practica-final\cotizadorexpress.view\x64\debug\mainview.obj
d:\luis\quark academy\desafio final\quark-practica-final\cotizadorexpress.view\x64\debug\main.obj
d:\luis\quark academy\desafio final\quark-practica-final\x64\debug\cotizadorexpress.view.pdb
d:\luis\quark academy\desafio final\quark-practica-final\cotizadorexpress.view\x64\debug\cotizado.8675de73.tlog\cl.command.1.tlog
d:\luis\quark academy\desafio final\quark-practica-final\cotizadorexpress.view\x64\debug\cotizado.8675de73.tlog\cl.read.1.tlog
d:\luis\quark academy\desafio final\quark-practica-final\cotizadorexpress.view\x64\debug\cotizado.8675de73.tlog\cl.write.1.tlog
d:\luis\quark academy\desafio final\quark-practica-final\cotizadorexpress.view\x64\debug\cotizado.8675de73.tlog\link-cvtres.read.1.tlog
d:\luis\quark academy\desafio final\quark-practica-final\cotizadorexpress.view\x64\debug\cotizado.8675de73.tlog\link-cvtres.write.1.tlog
d:\luis\quark academy\desafio final\quark-practica-final\cotizadorexpress.view\x64\debug\cotizado.8675de73.tlog\link-rc.read.1.tlog
d:\luis\quark academy\desafio final\quark-practica-final\cotizadorexpress.view\x64\debug\cotizado.8675de73.tlog\link-rc.write.1.tlog
d:\luis\quark academy\desafio final\quark-practica-final\cotizadorexpress.view\x64\debug\cotizado.8675de73.tlog\link.24676-cvtres.read.1.tlog
d:\luis\quark academy\desafio final\quark-practica-final\cotizadorexpress.view\x64\debug\cotizado.8675de73.tlog\link.24676-cvtres.write.1.tlog
d:\luis\quark academy\desafio final\quark-practica-final\cotizadorexpress.view\x64\debug\cotizado.8675de73.tlog\link.24676-rc.read.1.tlog
d:\luis\quark academy\desafio final\quark-practica-final\cotizadorexpress.view\x64\debug\cotizado.8675de73.tlog\link.24676-rc.write.1.tlog
d:\luis\quark academy\desafio final\quark-practica-final\cotizadorexpress.view\x64\debug\cotizado.8675de73.tlog\link.24676.read.1.tlog
d:\luis\quark academy\desafio final\quark-practica-final\cotizadorexpress.view\x64\debug\cotizado.8675de73.tlog\link.24676.read.2.tlog
d:\luis\quark academy\desafio final\quark-practica-final\cotizadorexpress.view\x64\debug\cotizado.8675de73.tlog\link.24676.write.1.tlog
d:\luis\quark academy\desafio final\quark-practica-final\cotizadorexpress.view\x64\debug\cotizado.8675de73.tlog\link.command.1.tlog
d:\luis\quark academy\desafio final\quark-practica-final\cotizadorexpress.view\x64\debug\cotizado.8675de73.tlog\link.read.1.tlog
d:\luis\quark academy\desafio final\quark-practica-final\cotizadorexpress.view\x64\debug\cotizado.8675de73.tlog\link.read.2.tlog
d:\luis\quark academy\desafio final\quark-practica-final\cotizadorexpress.view\x64\debug\cotizado.8675de73.tlog\link.write.1.tlog
